12/02/11 13:17:35,595 [4052] ERROR Sistema_de_Apuestas - Esta agregando un administrador que ya existe
12/02/11 13:18:39,804 [4052] ERROR Sistema_de_Apuestas - Esta agregando un administrador que ya existe
12/02/11 13:19:32,675 [4052] ERROR Sistema_de_Apuestas - Esta agregando un administrador que ya existe
12/02/11 13:40:41,862 [4052] INFO Sistema_de_Apuestas - Se modifico una casa de apuesta de forma exitosa
12/02/11 14:06:06,726 [4052] INFO Sistema_de_Apuestas - Se creó una nueva casa de apuesta de forma exitosa
12/02/11 14:08:16,468 [4052] INFO Sistema_de_Apuestas - Se creó una nueva categoria de forma exitosa
12/02/11 14:09:17,994 [4052] INFO Sistema_de_Apuestas - Se creó una nueva categoria de forma exitosa
12/02/11 14:09:49,876 [4052] INFO Sistema_de_Apuestas - Se creó una nueva casa de apuesta de forma exitosa
12/02/11 14:10:35,889 [4052] INFO Sistema_de_Apuestas - Se creó una nueva casa de apuesta de forma exitosa
12/02/11 14:10:48,858 [4052] INFO Sistema_de_Apuestas - Se creó una nueva categoria de forma exitosa
12/02/11 14:13:11,573 [4052] INFO Sistema_de_Apuestas - Se creó una nueva categoria de forma exitosa
12/02/11 14:14:35,219 [4052] INFO Sistema_de_Apuestas - Se creó una nueva categoria de forma exitosa
12/02/11 14:15:12,506 [4052] INFO Sistema_de_Apuestas - Se creó una nueva categoria de forma exitosa
12/02/11 15:08:50,113 [4052] INFO Sistema_de_Apuestas - Se creó un nuevo usuario de forma exitosa
12/02/11 15:10:29,586 [4052] INFO Sistema_de_Apuestas - Se creó un nuevo usuario de forma exitosa
12/02/11 15:11:22,178 [4052] INFO Sistema_de_Apuestas - Se creó un nuevo usuario de forma exitosa
12/02/11 15:11:36,891 [4052] INFO Sistema_de_Apuestas - Se elimino una casa de apuesta de forma exitosa
12/02/11 15:12:39,590 [4052] INFO Sistema_de_Apuestas - Se elimino una casa de apuesta de forma exitosa
12/02/11 15:13:15,213 [4052] INFO Sistema_de_Apuestas -  SE ha eliminado una categoria
12/02/11 15:14:48,930 [4052] INFO Sistema_de_Apuestas - Se modifico una casa de apuesta de forma exitosa
12/02/11 15:18:49,216 [4052] INFO Sistema_de_Apuestas - Se ha hecho una modificacion a un administrador
12/02/11 15:19:37,902 [4052] INFO Sistema_de_Apuestas - Se ha hecho una modificacion a un administrador
12/02/11 15:35:20,583 [4052] INFO Sistema_de_Apuestas - Se creó una nueva maquina de forma exitosa
12/02/11 15:36:56,522 [4052] INFO Sistema_de_Apuestas - Se creó una nueva maquina de forma exitosa
12/02/11 15:37:32,994 [4052] INFO Sistema_de_Apuestas - Se creó una nueva maquina de forma exitosa
12/02/11 15:38:25,713 [4052] INFO Sistema_de_Apuestas - Se creó una nueva maquina de forma exitosa
12/08/11 04:13:56,115 [7140] INFO Sistema_de_Apuestas - Se creó una nueva casa de apuesta de forma exitosa
12/08/11 04:14:14,129 [7140] INFO Sistema_de_Apuestas - Se creó una nueva categoria de forma exitosa
12/08/11 04:57:21,705 [7140] INFO Sistema_de_Apuestas - Se elimino una casa de apuesta de forma exitosa
12/08/11 04:58:32,180 [7140] INFO Sistema_de_Apuestas -  SE ha eliminado una categoria
12/08/11 05:00:30,179 [7140] INFO Sistema_de_Apuestas - Se ha eliminado a un administrador
12/08/11 05:00:48,684 [7140] INFO Sistema_de_Apuestas - Se ha eliminado a un administrador
12/08/11 05:02:30,367 [7140] INFO Sistema_de_Apuestas - Se ha eliminado a un administrador
12/08/11 05:02:50,016 [7140] INFO Sistema_de_Apuestas - Se ha eliminado a un administrador
12/08/11 05:03:03,615 [7140] INFO Sistema_de_Apuestas - Se ha eliminado a un administrador
12/08/11 05:03:34,961 [7140] INFO Sistema_de_Apuestas - Se ha eliminado a un administrador
12/08/11 05:03:50,613 [7140] INFO Sistema_de_Apuestas - Se ha eliminado a un administrador
12/08/11 05:04:04,221 [7140] INFO Sistema_de_Apuestas - Se ha eliminado a un administrador
12/08/11 06:22:08,765 [7140] INFO Sistema_de_Apuestas - Se creó una nueva casa de apuesta de forma exitosa
12/08/11 06:22:45,356 [7140] INFO Sistema_de_Apuestas - Se creó una nueva casa de apuesta de forma exitosa
12/08/11 06:23:15,188 [7140] INFO Sistema_de_Apuestas - Se creó una nueva casa de apuesta de forma exitosa
12/08/11 06:23:24,342 [7140] INFO Sistema_de_Apuestas - Se creó una nueva categoria de forma exitosa
12/08/11 06:23:55,949 [7140] INFO Sistema_de_Apuestas - Se creó una nueva categoria de forma exitosa
12/08/11 06:24:13,972 [7140] INFO Sistema_de_Apuestas - Se creó una nueva categoria de forma exitosa
12/08/11 06:35:49,449 [7140] INFO Sistema_de_Apuestas - Se modifico una casa de apuesta de forma exitosa
12/08/11 06:38:26,957 [7140] INFO Sistema_de_Apuestas - Se ha hecho una modificacion a un administrador
12/08/11 06:39:19,726 [7140] INFO Sistema_de_Apuestas - Se creó un nuevo usuario de forma exitosa
12/08/11 06:42:24,455 [7140] INFO Sistema_de_Apuestas - Se creó una nueva maquina de forma exitosa
12/08/11 06:44:49,008 [7140] INFO Sistema_de_Apuestas - Se elimino una casa de apuesta de forma exitosa
12/08/11 06:45:16,545 [7140] INFO Sistema_de_Apuestas -  SE ha eliminado una categoria
12/08/11 06:46:50,820 [7140] INFO Sistema_de_Apuestas - Se ha eliminado a un administrador
12/08/11 07:14:48,246 [7140] INFO Sistema_de_Apuestas - Se creó una nueva maquina de forma exitosa
12/10/11 01:53:40,341 [3316] INFO Sistema_de_Apuestas - Se creó una nueva maquina de forma exitosa
12/10/11 03:44:39,522 [3316] INFO Sistema_de_Apuestas - Se creó una nueva categoria de forma exitosa
12/10/11 13:53:45,065 [2068] INFO Sistema_de_Apuestas - Se creó una nueva casa de apuesta de forma exitosa

12/10/11 13:55:24,431 [2068] INFO Sistema_de_Apuestas - Se creó una nueva casa de apuesta de forma exitosa
12/10/11 14:05:07,377 [2068] INFO Sistema_de_Apuestas - Se creó una nueva categoria de forma exitosa
12/10/11 14:06:54,863 [2068] INFO Sistema_de_Apuestas - Se creó una nueva categoria de forma exitosa
12/10/11 14:07:11,349 [2068] INFO Sistema_de_Apuestas - Se creó una nueva casa de apuesta de forma exitosa
12/10/11 14:07:40,129 [2068] INFO Sistema_de_Apuestas - Se creó una nueva casa de apuesta de forma exitosa
12/10/11 16:28:17,071 [2068] INFO Sistema_de_Apuestas - Se creó una nueva categoria de forma exitosa
12/10/11 16:37:53,104 [2068] INFO Sistema_de_Apuestas -  SE ha eliminado una categoria
12/10/11 16:38:17,309 [2068] INFO Sistema_de_Apuestas -  SE ha eliminado una categoria
12/10/11 16:38:36,644 [2068] INFO Sistema_de_Apuestas -  SE ha eliminado una categoria
12/10/11 16:40:09,998 [2068] INFO Sistema_de_Apuestas -  SE ha eliminado una categoria
12/10/11 16:40:58,509 [2068] INFO Sistema_de_Apuestas -  SE ha eliminado una categoria
12/10/11 16:45:30,387 [2068] INFO Sistema_de_Apuestas - Se creó una nueva maquina de forma exitosa
12/14/11 00:31:07,350 [7140] INFO Sistema_de_Apuestas - Se ha eliminado a un administrador
12/15/11 05:24:21,558 [6756] INFO Sistema_de_Apuestas - Se creó una nueva categoria de forma exitosa
12/15/11 05:28:06,115 [6756] INFO Sistema_de_Apuestas - Se creó una nueva categoria de forma exitosa
12/15/11 05:30:53,819 [6756] INFO Sistema_de_Apuestas - Se creó una nueva categoria de forma exitosa
12/15/11 05:32:57,722 [6756] INFO Sistema_de_Apuestas - Se creó una nueva categoria de forma exitosa
12/15/11 05:37:05,868 [6756] ERROR Sistema_de_Apuestas - Esta agregando una categoria que ya existe
12/15/11 05:38:51,193 [6756] INFO Sistema_de_Apuestas - Se creó una nueva categoria de forma exitosa
12/15/11 05:45:08,323 [6756] INFO Sistema_de_Apuestas - Se creó una nueva categoria de forma exitosa
12/15/11 05:49:54,095 [6756] INFO Sistema_de_Apuestas - Se creó una nueva categoria de forma exitosa
12/15/11 05:53:42,381 [6756] INFO Sistema_de_Apuestas - Se creó un nuevo usuario de forma exitosa
12/15/11 06:44:27,286 [6756] INFO Sistema_de_Apuestas - Se creó una nueva categoria de forma exitosa
12/17/11 19:36:04,960 [4444] INFO Sistema_de_Apuestas - Se cargó la lista de eventos en la plantilla de los participantes por evento
12/17/11 19:38:42,634 [4444] INFO Sistema_de_Apuestas - Se cargó la lista de eventos en la plantilla de los participantes por evento
12/17/11 19:40:08,008 [4444] INFO Sistema_de_Apuestas - Se cargó la lista de eventos en la plantilla de los participantes por evento
12/17/11 19:40:53,900 [4444] INFO Sistema_de_Apuestas - Se cargó la lista de eventos en la plantilla de los participantes por evento
12/17/11 19:41:23,335 [4444] INFO Sistema_de_Apuestas - Se cargó la lista de eventos en la plantilla de los participantes por evento
12/17/11 19:42:14,771 [4444] INFO Sistema_de_Apuestas - Se cargó la lista de eventos en la plantilla de los participantes por evento
12/17/11 19:54:22,601 [4444] INFO Sistema_de_Apuestas - Se cargó la lista de eventos en la plantilla de los participantes por evento
12/17/11 19:55:35,179 [4444] INFO Sistema_de_Apuestas - Se cargó la lista de eventos en la plantilla de los participantes por evento
12/17/11 19:56:20,668 [4444] INFO Sistema_de_Apuestas - Se cargó la lista de eventos en la plantilla de los participantes por evento
12/17/11 20:03:18,575 [4444] INFO Sistema_de_Apuestas - Se cargó la lista de eventos en la plantilla de los participantes por evento
12/17/11 20:03:24,514 [4444] INFO Sistema_de_Apuestas - Se cargó la lista de eventos en la plantilla de los participantes por evento
12/17/11 20:03:34,822 [4444] INFO Sistema_de_Apuestas - Se cargó la lista de eventos en la plantilla de los participantes por evento
12/17/11 20:03:38,819 [4444] INFO Sistema_de_Apuestas - Se cargó la lista de eventos en la plantilla de los participantes por evento
12/17/11 20:03:55,905 [4444] INFO Sistema_de_Apuestas - Se cargó la lista de eventos en la plantilla de los participantes por evento
12/17/11 20:07:57,984 [4444] INFO Sistema_de_Apuestas - Se cargó la lista de eventos en la plantilla de los participantes por evento
12/17/11 20:13:07,347 [4444] INFO Sistema_de_Apuestas - Se cargó la lista de eventos en la plantilla de los participantes por evento
12/17/11 20:18:19,975 [4444] INFO Sistema_de_Apuestas - Se cargó la lista de eventos en la plantilla de los participantes por evento
12/17/11 20:23:29,964 [4444] INFO Sistema_de_Apuestas - Se cargó la lista de eventos en la plantilla de los participantes por evento
12/17/11 20:29:51,087 [4444] INFO Sistema_de_Apuestas - Se cargó la lista de eventos en la plantilla de los participantes por evento
12/17/11 20:30:23,556 [4444] INFO Sistema_de_Apuestas - Se cargó la lista de eventos en la plantilla de los participantes por evento
12/17/11 20:31:01,680 [4444] INFO Sistema_de_Apuestas - Se cargó la lista de eventos en la plantilla de los participantes por evento
12/17/11 20:31:11,674 [4444] INFO Sistema_de_Apuestas - Se cargó la lista de eventos en la plantilla de los participantes por evento
12/17/11 20:31:37,920 [4444] INFO Sistema_de_Apuestas - Se cargó la lista de eventos en la plantilla de los participantes por evento
12/17/11 20:31:47,724 [4444] INFO Sistema_de_Apuestas - Se cargó la lista de eventos en la plantilla de los participantes por evento
12/17/11 20:31:55,559 [4444] INFO Sistema_de_Apuestas - Se cargó la lista de eventos en la plantilla de los participantes por evento
12/17/11 20:34:34,429 [4444] INFO Sistema_de_Apuestas - Se cargó la lista de eventos en la plantilla de los participantes por evento
12/17/11 20:37:17,080 [4444] INFO Sistema_de_Apuestas - Se cargó la lista de eventos en la plantilla de los participantes por evento
12/17/11 20:37:20,969 [4444] INFO Sistema_de_Apuestas - Se cargó la lista de eventos en la plantilla de los participantes por evento
12/17/11 20:38:09,100 [4444] INFO Sistema_de_Apuestas - Se cargó la lista de eventos en la plantilla de los participantes por evento
12/17/11 20:39:12,161 [4444] INFO Sistema_de_Apuestas - Se cargó la lista de eventos en la plantilla de los participantes por evento
12/17/11 20:41:15,057 [4444] INFO Sistema_de_Apuestas - Se cargó la lista de eventos en la plantilla de los participantes por evento
12/17/11 20:41:58,290 [4444] INFO Sistema_de_Apuestas - Se cargó la lista de eventos en la plantilla de los participantes por evento
12/17/11 20:43:00,777 [4444] INFO Sistema_de_Apuestas - Se cargó la lista de eventos en la plantilla de los participantes por evento
12/17/11 20:44:12,372 [4444] INFO Sistema_de_Apuestas - Se cargó la lista de eventos en la plantilla de los participantes por evento
12/17/11 20:44:42,369 [4444] INFO Sistema_de_Apuestas - Se cargó la lista de eventos en la plantilla de los participantes por evento
12/17/11 20:47:22,414 [4444] INFO Sistema_de_Apuestas - Se cargó la lista de eventos en la plantilla de los participantes por evento
12/17/11 20:47:46,789 [4444] INFO Sistema_de_Apuestas - Se cargó la lista de eventos en la plantilla de los participantes por evento
12/17/11 20:48:10,289 [4444] INFO Sistema_de_Apuestas - Se cargó la lista de eventos en la plantilla de los participantes por evento
12/17/11 20:48:49,230 [4444] INFO Sistema_de_Apuestas - Se cargó la lista de eventos en la plantilla de los participantes por evento
12/17/11 20:48:57,083 [4444] INFO Sistema_de_Apuestas - Se cargó la lista de eventos en la plantilla de los participantes por evento
12/17/11 20:49:02,927 [4444] INFO Sistema_de_Apuestas - Se cargó la lista de eventos en la plantilla de los participantes por evento
12/17/11 20:49:08,424 [4444] INFO Sistema_de_Apuestas - Se cargó la lista de eventos en la plantilla de los participantes por evento
12/17/11 20:49:28,533 [4444] INFO Sistema_de_Apuestas - Se cargó la lista de eventos en la plantilla de los participantes por evento
12/17/11 20:49:54,582 [4444] INFO Sistema_de_Apuestas - Se cargó la lista de eventos en la plantilla de los participantes por evento
12/17/11 20:50:01,129 [4444] INFO Sistema_de_Apuestas - Se cargó la lista de eventos en la plantilla de los participantes por evento
12/17/11 20:50:02,640 [4444] INFO Sistema_de_Apuestas - Se cargó la lista de eventos en la plantilla de los participantes por evento
12/17/11 20:50:07,282 [4444] INFO Sistema_de_Apuestas - Se cargó la lista de eventos en la plantilla de los participantes por evento
12/17/11 20:50:09,370 [4444] INFO Sistema_de_Apuestas - Se cargó la lista de eventos en la plantilla de los participantes por evento
12/17/11 20:51:35,037 [4444] INFO Sistema_de_Apuestas - Se cargó la lista de eventos en la plantilla de los participantes por evento
12/17/11 20:51:45,712 [4444] INFO Sistema_de_Apuestas - Se cargó la lista de eventos en la plantilla de los participantes por evento
12/17/11 20:54:29,100 [4444] INFO Sistema_de_Apuestas - Se cargó la lista de eventos en la plantilla de los participantes por evento
12/17/11 20:54:38,045 [4444] INFO Sistema_de_Apuestas - Se cargó la lista de eventos en la plantilla de los participantes por evento
12/17/11 20:54:43,903 [4444] INFO Sistema_de_Apuestas - Se cargó la lista de eventos en la plantilla de los participantes por evento
12/17/11 20:55:18,192 [4444] INFO Sistema_de_Apuestas - Se cargó la lista de eventos en la plantilla de los participantes por evento
12/17/11 20:55:25,416 [4444] INFO Sistema_de_Apuestas - Se cargó la lista de eventos en la plantilla de los participantes por evento
12/17/11 20:59:44,587 [4444] INFO Sistema_de_Apuestas - Se cargó la lista de eventos en la plantilla de los participantes por evento
12/17/11 21:01:11,490 [4444] INFO Sistema_de_Apuestas - Se cargó la lista de eventos en la plantilla de los participantes por evento
12/17/11 21:01:57,032 [4444] INFO Sistema_de_Apuestas - Se cargó la lista de eventos en la plantilla de los participantes por evento
12/17/11 21:01:58,943 [4444] INFO Sistema_de_Apuestas - Se cargó la lista de eventos en la plantilla de los participantes por evento
12/17/11 21:02:01,222 [4444] INFO Sistema_de_Apuestas - Se cargó la lista de eventos en la plantilla de los participantes por evento
12/17/11 21:02:13,981 [4444] INFO Sistema_de_Apuestas - Se cargó la lista de eventos en la plantilla de los participantes por evento
12/17/11 21:02:59,770 [4444] INFO Sistema_de_Apuestas - Se cargó la lista de eventos en la plantilla de los participantes por evento
12/17/11 21:03:36,082 [4444] INFO Sistema_de_Apuestas - Se cargó la lista de eventos en la plantilla de los participantes por evento
12/17/11 21:05:20,761 [4444] INFO Sistema_de_Apuestas - Se cargó la lista de eventos en la plantilla de los participantes por evento
12/17/11 21:05:22,876 [4444] INFO Sistema_de_Apuestas - Se cargó la lista de eventos en la plantilla de los participantes por evento
12/17/11 21:05:28,534 [4444] INFO Sistema_de_Apuestas - Se cargó la lista de eventos en la plantilla de los participantes por evento
12/17/11 21:06:40,642 [4444] INFO Sistema_de_Apuestas - Se cargó la lista de eventos en la plantilla de los participantes por evento
12/17/11 21:14:38,426 [4444] INFO Sistema_de_Apuestas - Se cargó la lista de eventos en la plantilla de los participantes por evento
12/17/11 21:14:49,947 [4444] INFO Sistema_de_Apuestas - Se cargó la lista de eventos en la plantilla de los participantes por evento
12/17/11 21:15:59,898 [4444] INFO Sistema_de_Apuestas - Se cargó la lista de eventos en la plantilla de los participantes por evento
12/17/11 23:11:11,717 [4444] INFO Sistema_de_Apuestas - Se cargó la lista de eventos en la plantilla de los participantes por evento
12/17/11 23:11:17,493 [4444] INFO Sistema_de_Apuestas - Se cargó la lista de eventos en la plantilla de los participantes por evento
12/17/11 23:12:02,363 [4444] INFO Sistema_de_Apuestas - Se cargó la lista de eventos en la plantilla de los participantes por evento
12/17/11 23:12:07,026 [4444] INFO Sistema_de_Apuestas - Se cargó la lista de eventos en la plantilla de los participantes por evento
12/17/11 23:13:01,622 [4444] INFO Sistema_de_Apuestas - Se cargó la lista de eventos en la plantilla de los participantes por evento
